{"/home/ivan/7project/seven-gravity-gateway/src/messaging/platform.js":{"path":"/home/ivan/7project/seven-gravity-gateway/src/messaging/platform.js","s":{"1":1,"2":2,"3":2,"4":1,"5":1},"b":{"1":[2,2],"2":[1,1]},"f":{"1":2},"fnMap":{"1":{"name":"(anonymous_1)","line":3,"loc":{"start":{"line":3,"column":18},"end":{"line":3,"column":55}}}},"statementMap":{"1":{"start":{"line":1,"column":0},"end":{"line":12,"column":2}},"2":{"start":{"line":4,"column":8},"end":{"line":4,"column":31}},"3":{"start":{"line":6,"column":8},"end":{"line":10,"column":9}},"4":{"start":{"line":7,"column":12},"end":{"line":7,"column":45}},"5":{"start":{"line":9,"column":12},"end":{"line":9,"column":65}}},"branchMap":{"1":{"line":4,"type":"binary-expr","locations":[{"start":{"line":4,"column":17},"end":{"line":4,"column":23}},{"start":{"line":4,"column":27},"end":{"line":4,"column":30}}]},"2":{"line":6,"type":"if","locations":[{"start":{"line":6,"column":8},"end":{"line":6,"column":8}},{"start":{"line":6,"column":8},"end":{"line":6,"column":8}}]}}},"/home/ivan/7project/seven-gravity-gateway/src/messaging/product.js":{"path":"/home/ivan/7project/seven-gravity-gateway/src/messaging/product.js","s":{"1":1,"2":1,"3":1},"b":{"1":[1,1]},"f":{"1":1},"fnMap":{"1":{"name":"(anonymous_1)","line":3,"loc":{"start":{"line":3,"column":17},"end":{"line":3,"column":40}}}},"statementMap":{"1":{"start":{"line":1,"column":0},"end":{"line":8,"column":2}},"2":{"start":{"line":4,"column":8},"end":{"line":4,"column":31}},"3":{"start":{"line":6,"column":8},"end":{"line":6,"column":48}}},"branchMap":{"1":{"line":4,"type":"binary-expr","locations":[{"start":{"line":4,"column":17},"end":{"line":4,"column":23}},{"start":{"line":4,"column":27},"end":{"line":4,"column":30}}]}}},"/home/ivan/7project/seven-gravity-gateway/src/pub_sub.js":{"path":"/home/ivan/7project/seven-gravity-gateway/src/pub_sub.js","s":{"1":1,"2":3,"3":1,"4":4,"5":4,"6":3,"7":3,"8":3,"9":4,"10":2,"11":2,"12":1,"13":5,"14":4,"15":4,"16":1,"17":1,"18":2,"19":1,"20":1,"21":1,"22":1,"23":4,"24":4,"25":2,"26":2,"27":2,"28":1,"29":1,"30":1},"b":{"1":[7,5],"2":[2,2],"3":[4,1],"4":[5,5],"5":[1,1],"6":[2,2]},"f":{"1":3,"2":4,"3":5,"4":2,"5":4,"6":1},"fnMap":{"1":{"name":"PubSub","line":1,"loc":{"start":{"line":1,"column":0},"end":{"line":1,"column":18}}},"2":{"name":"(anonymous_2)","line":5,"loc":{"start":{"line":5,"column":41},"end":{"line":5,"column":58}}},"3":{"name":"(anonymous_3)","line":22,"loc":{"start":{"line":22,"column":29},"end":{"line":22,"column":44}}},"4":{"name":"(anonymous_4)","line":31,"loc":{"start":{"line":31,"column":31},"end":{"line":31,"column":46}}},"5":{"name":"(anonymous_5)","line":40,"loc":{"start":{"line":40,"column":27},"end":{"line":40,"column":42}}},"6":{"name":"(anonymous_6)","line":52,"loc":{"start":{"line":52,"column":38},"end":{"line":52,"column":49}}}},"statementMap":{"1":{"start":{"line":1,"column":0},"end":{"line":3,"column":1}},"2":{"start":{"line":2,"column":4},"end":{"line":2,"column":21}},"3":{"start":{"line":5,"column":0},"end":{"line":20,"column":2}},"4":{"start":{"line":6,"column":4},"end":{"line":7,"column":50}},"5":{"start":{"line":9,"column":4},"end":{"line":13,"column":5}},"6":{"start":{"line":10,"column":8},"end":{"line":10,"column":51}},"7":{"start":{"line":11,"column":8},"end":{"line":11,"column":50}},"8":{"start":{"line":12,"column":8},"end":{"line":12,"column":51}},"9":{"start":{"line":15,"column":4},"end":{"line":19,"column":5}},"10":{"start":{"line":16,"column":8},"end":{"line":16,"column":35}},"11":{"start":{"line":18,"column":8},"end":{"line":18,"column":21}},"12":{"start":{"line":22,"column":0},"end":{"line":29,"column":2}},"13":{"start":{"line":23,"column":4},"end":{"line":28,"column":5}},"14":{"start":{"line":24,"column":8},"end":{"line":24,"column":49}},"15":{"start":{"line":25,"column":8},"end":{"line":25,"column":20}},"16":{"start":{"line":27,"column":8},"end":{"line":27,"column":21}},"17":{"start":{"line":31,"column":0},"end":{"line":38,"column":2}},"18":{"start":{"line":32,"column":4},"end":{"line":37,"column":5}},"19":{"start":{"line":33,"column":8},"end":{"line":33,"column":21}},"20":{"start":{"line":35,"column":8},"end":{"line":35,"column":40}},"21":{"start":{"line":36,"column":8},"end":{"line":36,"column":20}},"22":{"start":{"line":40,"column":0},"end":{"line":50,"column":2}},"23":{"start":{"line":41,"column":4},"end":{"line":41,"column":62}},"24":{"start":{"line":43,"column":4},"end":{"line":48,"column":5}},"25":{"start":{"line":44,"column":8},"end":{"line":44,"column":21}},"26":{"start":{"line":46,"column":8},"end":{"line":46,"column":26}},"27":{"start":{"line":47,"column":8},"end":{"line":47,"column":20}},"28":{"start":{"line":52,"column":0},"end":{"line":54,"column":2}},"29":{"start":{"line":53,"column":4},"end":{"line":53,"column":21}},"30":{"start":{"line":56,"column":0},"end":{"line":56,"column":24}}},"branchMap":{"1":{"line":9,"type":"binary-expr","locations":[{"start":{"line":9,"column":10},"end":{"line":9,"column":16}},{"start":{"line":9,"column":20},"end":{"line":9,"column":42}}]},"2":{"line":15,"type":"if","locations":[{"start":{"line":15,"column":4},"end":{"line":15,"column":4}},{"start":{"line":15,"column":4},"end":{"line":15,"column":4}}]},"3":{"line":23,"type":"if","locations":[{"start":{"line":23,"column":4},"end":{"line":23,"column":4}},{"start":{"line":23,"column":4},"end":{"line":23,"column":4}}]},"4":{"line":23,"type":"binary-expr","locations":[{"start":{"line":23,"column":7},"end":{"line":23,"column":18}},{"start":{"line":23,"column":22},"end":{"line":23,"column":57}}]},"5":{"line":32,"type":"if","locations":[{"start":{"line":32,"column":4},"end":{"line":32,"column":4}},{"start":{"line":32,"column":4},"end":{"line":32,"column":4}}]},"6":{"line":43,"type":"if","locations":[{"start":{"line":43,"column":4},"end":{"line":43,"column":4}},{"start":{"line":43,"column":4},"end":{"line":43,"column":4}}]}}}}