TN:
SF:/home/ivan/7project/seven-gravity-gateway/src/master_gateway.js
FN:7,validateProductsConfig
FN:23,validateInitialization
FN:47,(anonymous_3)
FN:56,(anonymous_4)
FN:64,(anonymous_5)
FN:88,(anonymous_6)
FN:103,(anonymous_7)
FN:118,(anonymous_8)
FN:123,(anonymous_9)
FN:128,(anonymous_10)
FN:136,(anonymous_11)
FN:141,(anonymous_12)
FN:145,(anonymous_13)
FN:149,(anonymous_14)
FN:153,(anonymous_15)
FN:169,(anonymous_16)
FNF:16
FNH:6
FNDA:3,validateProductsConfig
FNDA:3,validateInitialization
FNDA:1,(anonymous_3)
FNDA:1,(anonymous_4)
FNDA:2,(anonymous_5)
FNDA:0,(anonymous_6)
FNDA:0,(anonymous_7)
FNDA:0,(anonymous_8)
FNDA:0,(anonymous_9)
FNDA:0,(anonymous_10)
FNDA:0,(anonymous_11)
FNDA:0,(anonymous_12)
FNDA:0,(anonymous_13)
FNDA:0,(anonymous_14)
FNDA:0,(anonymous_15)
FNDA:4,(anonymous_16)
DA:1,1
DA:7,1
DA:8,3
DA:10,3
DA:11,3
DA:12,1
DA:13,1
DA:14,2
DA:15,1
DA:16,1
DA:20,3
DA:23,1
DA:24,3
DA:25,0
DA:26,0
DA:27,3
DA:28,2
DA:30,1
DA:31,1
DA:35,1
DA:48,1
DA:49,1
DA:50,1
DA:51,1
DA:53,1
DA:57,1
DA:58,1
DA:60,0
DA:65,2
DA:67,1
DA:70,1
DA:71,1
DA:72,1
DA:75,0
DA:76,0
DA:79,0
DA:80,0
DA:81,0
DA:84,0
DA:85,0
DA:89,0
DA:90,0
DA:92,0
DA:95,0
DA:96,0
DA:97,0
DA:99,0
DA:104,0
DA:106,0
DA:108,0
DA:109,0
DA:111,0
DA:113,0
DA:115,0
DA:119,0
DA:120,0
DA:124,0
DA:125,0
DA:129,0
DA:130,0
DA:132,0
DA:133,0
DA:137,0
DA:138,0
DA:142,0
DA:146,0
DA:150,0
DA:154,0
DA:155,0
DA:156,0
DA:157,0
DA:160,0
DA:161,0
DA:169,1
DA:170,4
DA:171,0
DA:174,4
DA:175,1
DA:176,1
DA:177,3
DA:178,1
DA:180,2
LF:82
LH:38
BRDA:11,1,0,1
BRDA:11,1,1,2
BRDA:11,2,0,3
BRDA:11,2,1,2
BRDA:14,3,0,1
BRDA:14,3,1,1
BRDA:14,4,0,2
BRDA:14,4,1,1
BRDA:24,5,0,0
BRDA:24,5,1,3
BRDA:24,6,0,3
BRDA:24,6,1,3
BRDA:27,7,0,2
BRDA:27,7,1,1
BRDA:57,8,0,1
BRDA:57,8,1,0
BRDA:57,9,0,1
BRDA:57,9,1,1
BRDA:65,10,0,1
BRDA:65,10,1,1
BRDA:65,11,0,2
BRDA:65,11,1,1
BRDA:70,12,0,1
BRDA:70,12,1,0
BRDA:70,13,0,1
BRDA:70,13,1,1
BRDA:79,14,0,0
BRDA:79,14,1,0
BRDA:79,15,0,0
BRDA:79,15,1,0
BRDA:89,16,0,0
BRDA:89,16,1,0
BRDA:96,17,0,0
BRDA:96,17,1,0
BRDA:108,18,0,0
BRDA:108,18,1,0
BRDA:111,19,0,0
BRDA:111,19,1,0
BRDA:129,20,0,0
BRDA:129,20,1,0
BRDA:155,21,0,0
BRDA:155,21,1,0
BRDA:170,22,0,0
BRDA:170,22,1,4
BRDA:170,23,0,4
BRDA:170,23,1,3
BRDA:174,24,0,1
BRDA:174,24,1,3
BRDA:174,25,0,4
BRDA:174,25,1,3
BRDA:177,26,0,1
BRDA:177,26,1,2
BRF:52
BRH:32
end_of_record
TN:
SF:/home/ivan/7project/seven-gravity-gateway/src/messaging/master.js
FN:1,Porthole
FN:5,(anonymous_2)
FNF:2
FNH:2
FNDA:1,Porthole
FNDA:1,(anonymous_2)
DA:1,1
DA:3,1
DA:6,1
DA:9,1
DA:13,1
LF:5
LH:5
BRDA:6,1,0,1
BRDA:6,1,1,0
BRDA:7,2,0,1
BRDA:7,2,1,1
BRF:4
BRH:3
end_of_record
TN:
SF:/home/ivan/7project/seven-gravity-gateway/src/pub_sub.js
FN:7,(anonymous_1)
FN:17,(anonymous_2)
FN:27,(anonymous_3)
FN:38,(anonymous_4)
FN:45,(anonymous_5)
FN:52,(anonymous_6)
FN:56,(anonymous_7)
FN:68,(anonymous_8)
FNF:8
FNH:7
FNDA:5,(anonymous_1)
FNDA:0,(anonymous_2)
FNDA:2,(anonymous_3)
FNDA:4,(anonymous_4)
FNDA:2,(anonymous_5)
FNDA:1,(anonymous_6)
FNDA:6,(anonymous_7)
FNDA:5,(anonymous_8)
DA:1,1
DA:3,1
DA:8,5
DA:9,4
DA:11,3
DA:13,4
DA:16,4
DA:18,0
DA:22,1
DA:23,1
DA:28,2
DA:29,1
DA:30,1
DA:32,1
DA:33,1
DA:39,4
DA:41,4
DA:42,2
DA:43,2
DA:45,2
DA:46,2
DA:53,1
DA:57,6
DA:59,6
DA:60,1
DA:61,5
DA:62,3
DA:64,2
DA:69,5
DA:73,5
DA:75,5
DA:76,3
DA:77,3
DA:78,4
DA:79,4
DA:80,1
DA:84,2
DA:86,2
DA:91,1
LF:39
LH:38
BRDA:8,1,0,4
BRDA:8,1,1,1
BRDA:8,2,0,5
BRDA:8,2,1,5
BRDA:9,3,0,3
BRDA:9,3,1,1
BRDA:28,4,0,1
BRDA:28,4,1,1
BRDA:41,5,0,2
BRDA:41,5,1,2
BRDA:46,6,0,1
BRDA:46,6,1,1
BRDA:59,7,0,1
BRDA:59,7,1,5
BRDA:61,8,0,3
BRDA:61,8,1,2
BRDA:75,9,0,3
BRDA:75,9,1,2
BRDA:79,10,0,1
BRDA:79,10,1,3
BRF:20
BRH:20
end_of_record
TN:
SF:/home/ivan/7project/seven-gravity-gateway/src/utils/utils.js
FN:4,(anonymous_1)
FN:20,(anonymous_2)
FN:22,(anonymous_3)
FNF:3
FNH:1
FNDA:11,(anonymous_1)
FNDA:0,(anonymous_2)
FNDA:0,(anonymous_3)
DA:1,1
DA:5,11
DA:7,0
DA:9,0
DA:11,0
DA:12,0
DA:14,0
DA:20,1
DA:21,0
DA:22,0
DA:23,0
DA:24,0
DA:25,0
DA:31,1
LF:14
LH:4
BRDA:5,1,0,0
BRDA:5,1,1,11
BRDA:11,2,0,0
BRDA:11,2,1,0
BRDA:23,3,0,0
BRDA:23,3,1,0
BRF:6
BRH:1
end_of_record
TN:
SF:/home/ivan/7project/seven-gravity-gateway/src/content_handler/master_handler.js
FN:3,(anonymous_1)
FN:10,(anonymous_2)
FNF:2
FNH:0
FNDA:0,(anonymous_1)
FNDA:0,(anonymous_2)
DA:1,1
DA:4,0
DA:5,0
DA:6,0
DA:11,0
DA:12,0
DA:13,0
DA:18,1
LF:8
LH:2
BRDA:5,1,0,0
BRDA:5,1,1,0
BRDA:12,2,0,0
BRDA:12,2,1,0
BRF:4
BRH:0
end_of_record
TN:
SF:/home/ivan/7project/seven-gravity-gateway/src/event_dispatching/event_handler.js
FN:3,EventHandler
FN:18,(anonymous_2)
FN:24,(anonymous_3)
FN:40,(anonymous_4)
FN:53,(anonymous_5)
FN:62,(anonymous_6)
FN:92,(anonymous_7)
FN:104,(anonymous_8)
FN:121,(anonymous_9)
FNF:9
FNH:0
FNDA:0,EventHandler
FNDA:0,(anonymous_2)
FNDA:0,(anonymous_3)
FNDA:0,(anonymous_4)
FNDA:0,(anonymous_5)
FNDA:0,(anonymous_6)
FNDA:0,(anonymous_7)
FNDA:0,(anonymous_8)
FNDA:0,(anonymous_9)
DA:1,1
DA:3,1
DA:4,0
DA:10,0
DA:11,0
DA:12,0
DA:13,0
DA:16,1
DA:19,0
DA:20,0
DA:26,0
DA:28,0
DA:29,0
DA:30,0
DA:31,0
DA:32,0
DA:33,0
DA:35,0
DA:41,0
DA:50,0
DA:54,0
DA:59,0
DA:63,0
DA:68,0
DA:70,0
DA:71,0
DA:72,0
DA:74,0
DA:76,0
DA:77,0
DA:78,0
DA:79,0
DA:80,0
DA:83,0
DA:84,0
DA:89,0
DA:93,0
DA:94,0
DA:95,0
DA:96,0
DA:97,0
DA:105,0
DA:117,0
DA:121,1
DA:122,0
DA:123,0
DA:124,0
DA:127,0
LF:48
LH:4
BRDA:28,1,0,0
BRDA:28,1,1,0
BRDA:30,2,0,0
BRDA:30,2,1,0
BRDA:32,3,0,0
BRDA:32,3,1,0
BRDA:32,4,0,0
BRDA:32,4,1,0
BRDA:32,4,2,0
BRDA:63,5,0,0
BRDA:63,5,1,0
BRDA:64,6,0,0
BRDA:64,6,1,0
BRDA:74,7,0,0
BRDA:74,7,1,0
BRDA:74,8,0,0
BRDA:74,8,1,0
BRDA:76,9,0,0
BRDA:76,9,1,0
BRDA:78,10,0,0
BRDA:78,10,1,0
BRDA:78,11,0,0
BRDA:78,11,1,0
BRDA:96,12,0,0
BRDA:96,12,1,0
BRDA:108,13,0,0
BRDA:108,13,1,0
BRDA:109,14,0,0
BRDA:109,14,1,0
BRDA:110,15,0,0
BRDA:110,15,1,0
BRDA:122,16,0,0
BRDA:122,16,1,0
BRF:33
BRH:0
end_of_record
TN:
SF:/home/ivan/7project/seven-gravity-gateway/src/slave_gateway.js
FN:7,validateInitialization
FN:37,(anonymous_2)
FN:57,(anonymous_3)
FN:65,(anonymous_4)
FN:74,(anonymous_5)
FN:97,(anonymous_6)
FN:109,(anonymous_7)
FN:125,(anonymous_8)
FN:143,(anonymous_9)
FN:148,(anonymous_10)
FN:153,(anonymous_11)
FN:160,(anonymous_12)
FN:167,(anonymous_13)
FN:171,(anonymous_14)
FN:178,(anonymous_15)
FNF:15
FNH:7
FNDA:3,validateInitialization
FNDA:1,(anonymous_2)
FNDA:1,(anonymous_3)
FNDA:1,(anonymous_4)
FNDA:2,(anonymous_5)
FNDA:0,(anonymous_6)
FNDA:0,(anonymous_7)
FNDA:0,(anonymous_8)
FNDA:0,(anonymous_9)
FNDA:0,(anonymous_10)
FNDA:0,(anonymous_11)
FNDA:0,(anonymous_12)
FNDA:0,(anonymous_13)
FNDA:1,(anonymous_14)
FNDA:4,(anonymous_15)
DA:1,1
DA:7,1
DA:8,3
DA:9,1
DA:10,1
DA:11,2
DA:12,0
DA:13,0
DA:14,2
DA:15,1
DA:16,1
DA:18,1
DA:19,1
DA:23,1
DA:38,1
DA:39,1
DA:40,1
DA:41,1
DA:42,1
DA:44,1
DA:46,1
DA:48,1
DA:49,0
DA:51,1
DA:52,0
DA:54,1
DA:58,1
DA:59,1
DA:61,0
DA:66,1
DA:75,2
DA:77,0
DA:80,0
DA:81,0
DA:82,0
DA:85,0
DA:86,0
DA:88,0
DA:89,0
DA:90,0
DA:93,0
DA:94,0
DA:98,0
DA:100,0
DA:102,0
DA:103,0
DA:105,0
DA:110,0
DA:113,0
DA:114,0
DA:115,0
DA:116,0
DA:118,0
DA:119,0
DA:122,0
DA:125,0
DA:126,0
DA:127,0
DA:128,0
DA:129,0
DA:134,0
DA:135,0
DA:140,0
DA:144,0
DA:145,0
DA:149,0
DA:150,0
DA:154,0
DA:161,0
DA:168,0
DA:172,1
DA:173,1
DA:174,1
DA:178,1
DA:179,4
DA:180,0
DA:183,4
DA:184,1
DA:185,1
DA:186,3
DA:187,1
DA:189,2
LF:82
LH:37
BRDA:8,1,0,1
BRDA:8,1,1,2
BRDA:8,2,0,3
BRDA:8,2,1,2
BRDA:11,3,0,0
BRDA:11,3,1,2
BRDA:11,4,0,2
BRDA:11,4,1,2
BRDA:14,5,0,1
BRDA:14,5,1,1
BRDA:14,6,0,2
BRDA:14,6,1,1
BRDA:48,7,0,0
BRDA:48,7,1,1
BRDA:51,8,0,0
BRDA:51,8,1,1
BRDA:58,9,0,1
BRDA:58,9,1,0
BRDA:58,10,0,1
BRDA:58,10,1,1
BRDA:75,11,0,2
BRDA:75,11,1,0
BRDA:75,12,0,2
BRDA:75,12,1,1
BRDA:80,13,0,0
BRDA:80,13,1,0
BRDA:80,14,0,0
BRDA:80,14,1,0
BRDA:88,15,0,0
BRDA:88,15,1,0
BRDA:88,16,0,0
BRDA:88,16,1,0
BRDA:102,17,0,0
BRDA:102,17,1,0
BRDA:113,18,0,0
BRDA:113,18,1,0
BRDA:115,19,0,0
BRDA:115,19,1,0
BRDA:126,20,0,0
BRDA:126,20,1,0
BRDA:126,21,0,0
BRDA:126,21,1,0
BRDA:127,22,0,0
BRDA:127,22,1,0
BRDA:179,23,0,0
BRDA:179,23,1,4
BRDA:179,24,0,4
BRDA:179,24,1,3
BRDA:183,25,0,1
BRDA:183,25,1,3
BRDA:183,26,0,4
BRDA:183,26,1,3
BRDA:186,27,0,1
BRDA:186,27,1,2
BRF:54
BRH:28
end_of_record
TN:
SF:/home/ivan/7project/seven-gravity-gateway/src/messaging/slave.js
FN:3,Porthole
FN:9,(anonymous_2)
FN:13,(anonymous_3)
FNF:3
FNH:2
FNDA:1,Porthole
FNDA:0,(anonymous_2)
FNDA:2,(anonymous_3)
DA:1,1
DA:3,1
DA:4,1
DA:5,1
DA:8,1
DA:10,0
DA:11,0
DA:14,2
DA:15,2
DA:17,2
DA:18,0
DA:23,1
LF:12
LH:9
BRDA:14,1,0,2
BRDA:14,1,1,2
BRDA:17,2,0,0
BRDA:17,2,1,2
BRDA:17,3,0,2
BRDA:17,3,1,0
BRF:6
BRH:4
end_of_record
TN:
SF:/home/ivan/7project/seven-gravity-gateway/src/content_handler/slave_handler.js
FN:30,(anonymous_1)
FN:44,(anonymous_2)
FN:67,(anonymous_3)
FN:77,(anonymous_4)
FN:84,(anonymous_5)
FN:97,(anonymous_6)
FN:99,(anonymous_7)
FN:108,(anonymous_8)
FN:109,(anonymous_9)
FN:111,(anonymous_10)
FN:120,(anonymous_11)
FN:135,(anonymous_12)
FN:136,(anonymous_13)
FNF:13
FNH:6
FNDA:1,(anonymous_1)
FNDA:0,(anonymous_2)
FNDA:0,(anonymous_3)
FNDA:0,(anonymous_4)
FNDA:0,(anonymous_5)
FNDA:1,(anonymous_6)
FNDA:0,(anonymous_7)
FNDA:1,(anonymous_8)
FNDA:15,(anonymous_9)
FNDA:23,(anonymous_10)
FNDA:0,(anonymous_11)
FNDA:1,(anonymous_12)
FNDA:0,(anonymous_13)
DA:1,1
DA:20,1
DA:31,1
DA:32,1
DA:34,1
DA:35,1
DA:37,1
DA:38,0
DA:40,1
DA:45,0
DA:46,0
DA:49,0
DA:54,0
DA:55,0
DA:56,0
DA:57,0
DA:62,0
DA:68,0
DA:72,0
DA:73,0
DA:77,0
DA:78,0
DA:81,0
DA:86,0
DA:89,0
DA:90,0
DA:91,0
DA:92,0
DA:94,0
DA:98,1
DA:99,1
DA:100,0
DA:101,0
DA:102,0
DA:103,0
DA:109,1
DA:110,15
DA:111,7
DA:112,23
DA:115,8
DA:121,0
DA:131,0
DA:132,0
DA:136,1
DA:137,0
DA:143,1
LF:46
LH:17
BRDA:37,1,0,0
BRDA:37,1,1,1
BRDA:37,2,0,1
BRDA:37,2,1,1
BRDA:45,3,0,0
BRDA:45,3,1,0
BRDA:54,4,0,0
BRDA:54,4,1,0
BRDA:54,5,0,0
BRDA:54,5,1,0
BRDA:72,6,0,0
BRDA:72,6,1,0
BRDA:100,7,0,0
BRDA:100,7,1,0
BRDA:110,8,0,7
BRDA:110,8,1,8
BRDA:121,9,0,0
BRDA:121,9,1,0
BRF:18
BRH:5
end_of_record
