TN:
SF:/home/ivan/7project/seven-gravity-gateway/src/master_gateway.js
FN:7,validateSlavesConfig
FN:20,validateInitialization
FN:46,(anonymous_3)
FN:55,(anonymous_4)
FN:70,(anonymous_5)
FN:78,(anonymous_6)
FN:102,(anonymous_7)
FN:119,(anonymous_8)
FN:134,(anonymous_9)
FN:141,(anonymous_10)
FN:146,(anonymous_11)
FN:154,(anonymous_12)
FN:159,(anonymous_13)
FN:163,(anonymous_14)
FN:167,(anonymous_15)
FN:171,(anonymous_16)
FN:187,(anonymous_17)
FNF:17
FNH:7
FNDA:2,validateSlavesConfig
FNDA:2,validateInitialization
FNDA:1,(anonymous_3)
FNDA:3,(anonymous_4)
FNDA:1,(anonymous_5)
FNDA:2,(anonymous_6)
FNDA:0,(anonymous_7)
FNDA:0,(anonymous_8)
FNDA:0,(anonymous_9)
FNDA:0,(anonymous_10)
FNDA:0,(anonymous_11)
FNDA:0,(anonymous_12)
FNDA:0,(anonymous_13)
FNDA:0,(anonymous_14)
FNDA:0,(anonymous_15)
FNDA:0,(anonymous_16)
FNDA:4,(anonymous_17)
DA:1,1
DA:7,1
DA:8,2
DA:10,2
DA:11,2
DA:12,1
DA:13,1
DA:17,2
DA:20,1
DA:21,2
DA:23,2
DA:24,0
DA:25,0
DA:26,2
DA:27,1
DA:29,1
DA:30,1
DA:34,1
DA:47,1
DA:48,1
DA:49,1
DA:50,1
DA:52,1
DA:56,3
DA:58,3
DA:59,1
DA:60,1
DA:61,2
DA:62,1
DA:63,1
DA:66,1
DA:67,1
DA:71,1
DA:72,1
DA:74,0
DA:79,2
DA:81,1
DA:84,1
DA:85,1
DA:86,1
DA:89,0
DA:90,0
DA:93,0
DA:94,0
DA:95,0
DA:98,0
DA:99,0
DA:103,0
DA:105,0
DA:106,0
DA:108,0
DA:111,0
DA:112,0
DA:113,0
DA:115,0
DA:120,0
DA:122,0
DA:124,0
DA:125,0
DA:127,0
DA:129,0
DA:131,0
DA:135,0
DA:142,0
DA:143,0
DA:147,0
DA:148,0
DA:150,0
DA:151,0
DA:155,0
DA:156,0
DA:160,0
DA:164,0
DA:168,0
DA:172,0
DA:173,0
DA:174,0
DA:175,0
DA:178,0
DA:179,0
DA:187,1
DA:188,4
DA:189,0
DA:192,4
DA:193,1
DA:194,1
DA:195,3
DA:196,2
DA:198,1
LF:89
LH:45
BRDA:11,1,0,1
BRDA:11,1,1,1
BRDA:11,2,0,2
BRDA:11,2,1,1
BRDA:21,3,0,2
BRDA:21,3,1,2
BRDA:23,4,0,0
BRDA:23,4,1,2
BRDA:23,5,0,2
BRDA:23,5,1,2
BRDA:26,6,0,1
BRDA:26,6,1,1
BRDA:49,7,0,1
BRDA:49,7,1,1
BRDA:56,8,0,3
BRDA:56,8,1,1
BRDA:58,9,0,1
BRDA:58,9,1,2
BRDA:58,10,0,3
BRDA:58,10,1,2
BRDA:61,11,0,1
BRDA:61,11,1,1
BRDA:61,12,0,2
BRDA:61,12,1,1
BRDA:71,13,0,1
BRDA:71,13,1,0
BRDA:71,14,0,1
BRDA:71,14,1,1
BRDA:79,15,0,1
BRDA:79,15,1,1
BRDA:79,16,0,2
BRDA:79,16,1,1
BRDA:84,17,0,1
BRDA:84,17,1,0
BRDA:84,18,0,1
BRDA:84,18,1,1
BRDA:93,19,0,0
BRDA:93,19,1,0
BRDA:93,20,0,0
BRDA:93,20,1,0
BRDA:103,21,0,0
BRDA:103,21,1,0
BRDA:105,22,0,0
BRDA:105,22,1,0
BRDA:112,23,0,0
BRDA:112,23,1,0
BRDA:124,24,0,0
BRDA:124,24,1,0
BRDA:127,25,0,0
BRDA:127,25,1,0
BRDA:137,26,0,0
BRDA:137,26,1,0
BRDA:147,27,0,0
BRDA:147,27,1,0
BRDA:173,28,0,0
BRDA:173,28,1,0
BRDA:188,29,0,0
BRDA:188,29,1,4
BRDA:188,30,0,4
BRDA:188,30,1,3
BRDA:192,31,0,1
BRDA:192,31,1,3
BRDA:192,32,0,4
BRDA:192,32,1,2
BRDA:195,33,0,2
BRDA:195,33,1,1
BRF:66
BRH:42
end_of_record
TN:
SF:/home/ivan/7project/seven-gravity-gateway/src/messaging/master.js
FN:1,Porthole
FN:5,(anonymous_2)
FNF:2
FNH:2
FNDA:1,Porthole
FNDA:1,(anonymous_2)
DA:1,1
DA:3,1
DA:6,1
DA:9,1
DA:13,1
LF:5
LH:5
BRDA:6,1,0,1
BRDA:6,1,1,0
BRDA:7,2,0,1
BRDA:7,2,1,1
BRF:4
BRH:3
end_of_record
TN:
SF:/home/ivan/7project/seven-gravity-gateway/src/pub_sub.js
FN:7,(anonymous_1)
FN:20,(anonymous_2)
FN:30,(anonymous_3)
FN:40,(anonymous_4)
FN:47,(anonymous_5)
FN:54,(anonymous_6)
FN:58,(anonymous_7)
FN:70,(anonymous_8)
FNF:8
FNH:8
FNDA:9,(anonymous_1)
FNDA:1,(anonymous_2)
FNDA:2,(anonymous_3)
FNDA:6,(anonymous_4)
FNDA:9,(anonymous_5)
FNDA:1,(anonymous_6)
FNDA:8,(anonymous_7)
FNDA:5,(anonymous_8)
DA:1,1
DA:3,1
DA:8,9
DA:11,9
DA:12,8
DA:14,3
DA:16,8
DA:19,8
DA:21,1
DA:25,1
DA:26,1
DA:31,2
DA:32,1
DA:33,1
DA:35,1
DA:36,1
DA:41,6
DA:43,6
DA:44,2
DA:45,2
DA:47,4
DA:48,9
DA:55,1
DA:59,8
DA:61,8
DA:62,3
DA:63,5
DA:64,3
DA:66,2
DA:71,5
DA:75,5
DA:77,5
DA:78,3
DA:79,3
DA:80,4
DA:81,4
DA:82,1
DA:86,2
DA:88,2
DA:93,1
LF:40
LH:40
BRDA:11,1,0,8
BRDA:11,1,1,1
BRDA:11,2,0,9
BRDA:11,2,1,9
BRDA:12,3,0,3
BRDA:12,3,1,5
BRDA:31,4,0,1
BRDA:31,4,1,1
BRDA:43,5,0,2
BRDA:43,5,1,4
BRDA:48,6,0,8
BRDA:48,6,1,1
BRDA:61,7,0,3
BRDA:61,7,1,5
BRDA:63,8,0,3
BRDA:63,8,1,2
BRDA:77,9,0,3
BRDA:77,9,1,2
BRDA:81,10,0,1
BRDA:81,10,1,3
BRF:20
BRH:20
end_of_record
TN:
SF:/home/ivan/7project/seven-gravity-gateway/src/utils/utils.js
FN:4,(anonymous_1)
FN:20,(anonymous_2)
FN:22,(anonymous_3)
FNF:3
FNH:1
FNDA:11,(anonymous_1)
FNDA:0,(anonymous_2)
FNDA:0,(anonymous_3)
DA:1,1
DA:5,11
DA:7,0
DA:9,0
DA:11,0
DA:12,0
DA:14,0
DA:20,1
DA:21,0
DA:22,0
DA:23,0
DA:24,0
DA:25,0
DA:31,1
LF:14
LH:4
BRDA:5,1,0,0
BRDA:5,1,1,11
BRDA:11,2,0,0
BRDA:11,2,1,0
BRDA:23,3,0,0
BRDA:23,3,1,0
BRF:6
BRH:1
end_of_record
TN:
SF:/home/ivan/7project/seven-gravity-gateway/src/content_handler/master_handler.js
FN:3,(anonymous_1)
FN:10,(anonymous_2)
FNF:2
FNH:0
FNDA:0,(anonymous_1)
FNDA:0,(anonymous_2)
DA:1,1
DA:4,0
DA:5,0
DA:6,0
DA:11,0
DA:12,0
DA:13,0
DA:18,1
LF:8
LH:2
BRDA:5,1,0,0
BRDA:5,1,1,0
BRDA:12,2,0,0
BRDA:12,2,1,0
BRF:4
BRH:0
end_of_record
TN:
SF:/home/ivan/7project/seven-gravity-gateway/src/event_dispatching/event_handler.js
FN:3,EventHandler
FN:18,(anonymous_2)
FN:24,(anonymous_3)
FN:40,(anonymous_4)
FN:53,(anonymous_5)
FN:62,(anonymous_6)
FN:92,(anonymous_7)
FN:104,(anonymous_8)
FN:121,(anonymous_9)
FNF:9
FNH:0
FNDA:0,EventHandler
FNDA:0,(anonymous_2)
FNDA:0,(anonymous_3)
FNDA:0,(anonymous_4)
FNDA:0,(anonymous_5)
FNDA:0,(anonymous_6)
FNDA:0,(anonymous_7)
FNDA:0,(anonymous_8)
FNDA:0,(anonymous_9)
DA:1,1
DA:3,1
DA:4,0
DA:10,0
DA:11,0
DA:12,0
DA:13,0
DA:16,1
DA:19,0
DA:20,0
DA:26,0
DA:28,0
DA:29,0
DA:30,0
DA:31,0
DA:32,0
DA:33,0
DA:35,0
DA:41,0
DA:50,0
DA:54,0
DA:59,0
DA:63,0
DA:68,0
DA:70,0
DA:71,0
DA:72,0
DA:74,0
DA:76,0
DA:77,0
DA:78,0
DA:79,0
DA:80,0
DA:83,0
DA:84,0
DA:89,0
DA:93,0
DA:94,0
DA:95,0
DA:96,0
DA:97,0
DA:105,0
DA:117,0
DA:121,1
DA:122,0
DA:123,0
DA:124,0
DA:127,0
LF:48
LH:4
BRDA:28,1,0,0
BRDA:28,1,1,0
BRDA:30,2,0,0
BRDA:30,2,1,0
BRDA:32,3,0,0
BRDA:32,3,1,0
BRDA:32,4,0,0
BRDA:32,4,1,0
BRDA:32,4,2,0
BRDA:63,5,0,0
BRDA:63,5,1,0
BRDA:64,6,0,0
BRDA:64,6,1,0
BRDA:74,7,0,0
BRDA:74,7,1,0
BRDA:74,8,0,0
BRDA:74,8,1,0
BRDA:76,9,0,0
BRDA:76,9,1,0
BRDA:78,10,0,0
BRDA:78,10,1,0
BRDA:78,11,0,0
BRDA:78,11,1,0
BRDA:96,12,0,0
BRDA:96,12,1,0
BRDA:108,13,0,0
BRDA:108,13,1,0
BRDA:109,14,0,0
BRDA:109,14,1,0
BRDA:110,15,0,0
BRDA:110,15,1,0
BRDA:122,16,0,0
BRDA:122,16,1,0
BRF:33
BRH:0
end_of_record
TN:
SF:/home/ivan/7project/seven-gravity-gateway/src/slave_gateway.js
FN:8,validateInitialization
FN:32,(anonymous_2)
FN:52,(anonymous_3)
FN:60,(anonymous_4)
FN:69,(anonymous_5)
FN:92,(anonymous_6)
FN:104,(anonymous_7)
FN:119,(anonymous_8)
FN:124,(anonymous_9)
FN:129,(anonymous_10)
FN:133,(anonymous_11)
FN:137,(anonymous_12)
FN:141,(anonymous_13)
FN:148,(anonymous_14)
FNF:14
FNH:7
FNDA:2,validateInitialization
FNDA:1,(anonymous_2)
FNDA:1,(anonymous_3)
FNDA:1,(anonymous_4)
FNDA:2,(anonymous_5)
FNDA:0,(anonymous_6)
FNDA:0,(anonymous_7)
FNDA:0,(anonymous_8)
FNDA:0,(anonymous_9)
FNDA:0,(anonymous_10)
FNDA:0,(anonymous_11)
FNDA:0,(anonymous_12)
FNDA:1,(anonymous_13)
FNDA:4,(anonymous_14)
DA:1,1
DA:8,1
DA:9,2
DA:11,2
DA:12,1
DA:13,1
DA:15,1
DA:16,1
DA:20,1
DA:33,1
DA:34,1
DA:35,1
DA:36,1
DA:37,1
DA:39,1
DA:41,1
DA:43,1
DA:44,0
DA:46,1
DA:47,0
DA:49,1
DA:53,1
DA:54,1
DA:56,0
DA:61,1
DA:70,2
DA:72,0
DA:75,0
DA:76,0
DA:77,0
DA:80,0
DA:81,0
DA:83,0
DA:84,0
DA:85,0
DA:88,0
DA:89,0
DA:93,0
DA:95,0
DA:97,0
DA:98,0
DA:100,0
DA:105,0
DA:108,0
DA:110,0
DA:111,0
DA:112,0
DA:114,0
DA:115,0
DA:120,0
DA:121,0
DA:125,0
DA:126,0
DA:130,0
DA:134,0
DA:138,0
DA:142,1
DA:143,1
DA:144,1
DA:148,1
DA:149,4
DA:150,0
DA:153,4
DA:154,1
DA:155,1
DA:156,3
DA:157,2
DA:159,1
LF:68
LH:34
BRDA:9,1,0,2
BRDA:9,1,1,2
BRDA:11,2,0,1
BRDA:11,2,1,1
BRDA:11,3,0,2
BRDA:11,3,1,1
BRDA:35,4,0,1
BRDA:35,4,1,1
BRDA:43,5,0,0
BRDA:43,5,1,1
BRDA:46,6,0,0
BRDA:46,6,1,1
BRDA:53,7,0,1
BRDA:53,7,1,0
BRDA:53,8,0,1
BRDA:53,8,1,1
BRDA:70,9,0,2
BRDA:70,9,1,0
BRDA:70,10,0,2
BRDA:70,10,1,1
BRDA:75,11,0,0
BRDA:75,11,1,0
BRDA:75,12,0,0
BRDA:75,12,1,0
BRDA:83,13,0,0
BRDA:83,13,1,0
BRDA:83,14,0,0
BRDA:83,14,1,0
BRDA:97,15,0,0
BRDA:97,15,1,0
BRDA:110,16,0,0
BRDA:110,16,1,0
BRDA:149,17,0,0
BRDA:149,17,1,4
BRDA:149,18,0,4
BRDA:149,18,1,3
BRDA:153,19,0,1
BRDA:153,19,1,3
BRDA:153,20,0,4
BRDA:153,20,1,2
BRDA:156,21,0,2
BRDA:156,21,1,1
BRF:42
BRH:25
end_of_record
TN:
SF:/home/ivan/7project/seven-gravity-gateway/src/messaging/slave.js
FN:3,Porthole
FN:9,(anonymous_2)
FN:13,(anonymous_3)
FNF:3
FNH:2
FNDA:1,Porthole
FNDA:0,(anonymous_2)
FNDA:2,(anonymous_3)
DA:1,1
DA:3,1
DA:4,1
DA:5,1
DA:8,1
DA:10,0
DA:11,0
DA:14,2
DA:15,2
DA:17,2
DA:18,0
DA:23,1
LF:12
LH:9
BRDA:14,1,0,2
BRDA:14,1,1,2
BRDA:17,2,0,0
BRDA:17,2,1,2
BRDA:17,3,0,2
BRDA:17,3,1,0
BRF:6
BRH:4
end_of_record
TN:
SF:/home/ivan/7project/seven-gravity-gateway/src/content_handler/slave_handler.js
FN:30,(anonymous_1)
FN:44,(anonymous_2)
FN:67,(anonymous_3)
FN:77,(anonymous_4)
FN:84,(anonymous_5)
FN:97,(anonymous_6)
FN:99,(anonymous_7)
FN:108,(anonymous_8)
FN:109,(anonymous_9)
FN:111,(anonymous_10)
FN:120,(anonymous_11)
FN:135,(anonymous_12)
FN:136,(anonymous_13)
FNF:13
FNH:6
FNDA:1,(anonymous_1)
FNDA:0,(anonymous_2)
FNDA:0,(anonymous_3)
FNDA:0,(anonymous_4)
FNDA:0,(anonymous_5)
FNDA:1,(anonymous_6)
FNDA:0,(anonymous_7)
FNDA:1,(anonymous_8)
FNDA:15,(anonymous_9)
FNDA:23,(anonymous_10)
FNDA:0,(anonymous_11)
FNDA:1,(anonymous_12)
FNDA:0,(anonymous_13)
DA:1,1
DA:20,1
DA:31,1
DA:32,1
DA:34,1
DA:35,1
DA:37,1
DA:38,0
DA:40,1
DA:45,0
DA:46,0
DA:49,0
DA:54,0
DA:55,0
DA:56,0
DA:57,0
DA:62,0
DA:68,0
DA:72,0
DA:73,0
DA:77,0
DA:78,0
DA:81,0
DA:86,0
DA:89,0
DA:90,0
DA:91,0
DA:92,0
DA:94,0
DA:98,1
DA:99,1
DA:100,0
DA:101,0
DA:102,0
DA:103,0
DA:109,1
DA:110,15
DA:111,7
DA:112,23
DA:115,8
DA:121,0
DA:131,0
DA:132,0
DA:136,1
DA:137,0
DA:143,1
LF:46
LH:17
BRDA:37,1,0,0
BRDA:37,1,1,1
BRDA:37,2,0,1
BRDA:37,2,1,1
BRDA:45,3,0,0
BRDA:45,3,1,0
BRDA:54,4,0,0
BRDA:54,4,1,0
BRDA:54,5,0,0
BRDA:54,5,1,0
BRDA:72,6,0,0
BRDA:72,6,1,0
BRDA:100,7,0,0
BRDA:100,7,1,0
BRDA:110,8,0,7
BRDA:110,8,1,8
BRDA:121,9,0,0
BRDA:121,9,1,0
BRF:18
BRH:5
end_of_record
TN:
SF:/home/ivan/7project/seven-gravity-gateway/src/slave_proxy.js
FN:13,(anonymous_1)
FN:27,(anonymous_2)
FN:36,(anonymous_3)
FN:55,(anonymous_4)
FN:63,(anonymous_5)
FN:66,(anonymous_6)
FN:75,(anonymous_7)
FNF:7
FNH:0
FNDA:0,(anonymous_1)
FNDA:0,(anonymous_2)
FNDA:0,(anonymous_3)
FNDA:0,(anonymous_4)
FNDA:0,(anonymous_5)
FNDA:0,(anonymous_6)
FNDA:0,(anonymous_7)
DA:1,1
DA:3,1
DA:14,0
DA:15,0
DA:16,0
DA:17,0
DA:19,0
DA:21,0
DA:22,0
DA:23,0
DA:25,0
DA:26,0
DA:27,0
DA:28,0
DA:32,0
DA:33,0
DA:37,0
DA:38,0
DA:39,0
DA:42,0
DA:43,0
DA:45,0
DA:46,0
DA:47,0
DA:48,0
DA:50,0
DA:56,0
DA:57,0
DA:64,0
DA:65,0
DA:66,0
DA:67,0
DA:68,0
DA:76,0
DA:77,0
DA:81,1
LF:36
LH:3
BRDA:14,1,0,0
BRDA:14,1,1,0
BRDA:16,2,0,0
BRDA:16,2,1,0
BRDA:21,3,0,0
BRDA:21,3,1,0
BRDA:25,4,0,0
BRDA:25,4,1,0
BRDA:37,5,0,0
BRDA:37,5,1,0
BRDA:45,6,0,0
BRDA:45,6,1,0
BRDA:47,7,0,0
BRDA:47,7,1,0
BRF:14
BRH:0
end_of_record
